
NetBS installation tool
=======================

Welcome to the NetBS installation wizard.
Dropped database for connection named `c0netbs`
Created database `c0netbs` for connection named default

 Updating database schema...

     64 queries were executed

 [OK] Database schema updated successfully!                                     

Loading fixtures
  > loading [1] NetBS\SecureBundle\DataFixtures\ORM\LoadRolesData
  > loading [10] NetBS\CoreBundle\DataFixtures\ORM\LoadParametersData
  > loading [100] NetBS\SecureBundle\DataFixtures\ORM\LoadUserData
  > loading [300] NetBS\FichierBundle\DataFixtures\ORM\LoadRolesData
  > loading [300] SauvabelinBundle\DataFixtures\ORM\LoadDistinctions
  > loading [310] GalerieBundle\DataFixtures\ORM\LoadData
  > loading [500] SauvabelinBundle\DataFixtures\ORM\LoadFonctions
  > loading [5000] SauvabelinBundle\DataFixtures\ORM\LoadGroups
  > loading [10000] SauvabelinBundle\DataFixtures\ORM\LoadMailingLists
Running post install scripts
Running netbs:post-install:sauvabelin...
Importation des données WNG
Loading remote data in memory
 --------- -------------- ------------------------ 
  membres   attributions   obtentions distinction  
 --------- -------------- ------------------------ 
  3350      6381           2309                    
 --------- -------------- ------------------------ 

Map attributions
Map distinctions
Merge members
Handling members pools

  287/2872 [▓▓░░░░░░░░░░░░░░░░░░░░░░░░░░]   9%
  574/2872 [▓▓▓▓▓░░░░░░░░░░░░░░░░░░░░░░░]  19%
  861/2872 [▓▓▓▓▓▓▓▓░░░░░░░░░░░░░░░░░░░░]  29%
 1148/2872 [▓▓▓▓▓▓▓▓▓▓▓░░░░░░░░░░░░░░░░░]  39%
 1435/2872 [▓▓▓▓▓▓▓▓▓▓▓▓▓░░░░░░░░░░░░░░░]  49%
 1722/2872 [▓▓▓▓▓▓▓▓▓▓▓▓▓▓▓▓░░░░░░░░░░░░]  59%
 2009/2872 [▓▓▓▓▓▓▓▓▓▓▓▓▓▓▓▓▓▓▓░░░░░░░░░]  69%
 2296/2872 [▓▓▓▓▓▓▓▓▓▓▓▓▓▓▓▓▓▓▓▓▓▓░░░░░░]  79%
 2583/2872 [▓▓▓▓▓▓▓▓▓▓▓▓▓▓▓▓▓▓▓▓▓▓▓▓▓░░░]  89%
 2870/2872 [▓▓▓▓▓▓▓▓▓▓▓▓▓▓▓▓▓▓▓▓▓▓▓▓▓▓▓░]  99%
 2872/2872 [▓▓▓▓▓▓▓▓▓▓▓▓▓▓▓▓▓▓▓▓▓▓▓▓▓▓▓▓] 100%
 [OK] Handled 3350 members                                                      

Flushing data
Creation de la vue SQL nextclouf groups
Creation de la vue SQL nextcloud user-groups
Creation de la vue SQL wiki
Mise à jour des groupes
Publishing assets

 Installing assets as hard copies.

 --- ----------------- ---------------- 
      Bundle            Method / Error  
 --- ----------------- ---------------- 
  ✔   NetBSCoreBundle   copy            
  ✔   GalerieBundle     copy            
 --- ----------------- ---------------- 

 ! [NOTE] Some assets were installed via copy. If you make changes to these     
 !        assets you have to run this command again.                            

 [OK] All assets were successfully installed.                                   

clearing cache

 // Clearing the cache for the dev environment with debug                       
 // true                                                                        

 [OK] Cache for the "dev" environment (debug=true) was successfully cleared.    

